<?xml version="1.0" encoding="UTF-8"?>
<!-- Generated by org.testng.reporters.JUnitXMLReporter -->
<testsuite ignored="0" hostname="DESKTOP-K0CH7S3" failures="0" tests="5" name="Test" time="22.947" errors="0" timestamp="16 Sep 2023 14:52:39 GMT">
  <testcase classname="Selenium.TestNG" name="T1_Launch" time="8.643"/>
  <testcase classname="Selenium.TestNG" name="T2_Login" time="3.014"/>
  <testcase classname="Selenium.TestNG" name="T3_LandingPage" time="3.013"/>
  <testcase classname="Selenium.TestNG" name="T4_MainTransaction" time="3.015"/>
  <testcase classname="Selenium.TestNG" name="T5_Logout" time="3.005"/>
</testsuite> <!-- Test -->
