<?xml version="1.0" encoding="UTF-8"?>
<testsuite name="TestSuite" time="20.685" tests="5" errors="0" skipped="0" failures="0">
  <properties>
[...]
</properties>
  <testcase name="T1_Launch" classname="Selenium.TestNG" time="8.66"/>
  <testcase name="T2_Login" classname="Selenium.TestNG" time="2.993"/>
  <testcase name="T3_LandingPage" classname="Selenium.TestNG" time="3.011"/>
  <testcase name="T4_MainTransaction" classname="Selenium.TestNG" time="3.015"/>
  <testcase name="T5_Logout" classname="Selenium.TestNG" time="3.006"/>
</testsuite>