<?xml version="1.0" encoding="UTF-8"?>
<testng-results ignored="0" total="5" passed="5" failed="0" skipped="0">
  <reporter-output>
  </reporter-output>
  <suite started-at="2023-09-16T14:07:42Z" name="Default suite" finished-at="2023-09-16T14:08:05Z" duration-ms="23094">
    <groups>
    </groups>
    <test started-at="2023-09-16T14:07:42Z" name="Default test" finished-at="2023-09-16T14:08:05Z" duration-ms="23094">
      <class name="Selenium.TestNG">
        <test-method is-config="true" signature="setUp()[pri:0, instance:Selenium.TestNG@76b1e9b8]" started-at="2023-09-16T14:07:42Z" name="setUp" finished-at="2023-09-16T14:07:44Z" duration-ms="1938" status="PASS">
          <reporter-output>
          </reporter-output>
        </test-method> <!-- setUp -->
        <test-method signature="T1_Launch()[pri:0, instance:Selenium.TestNG@76b1e9b8]" started-at="2023-09-16T14:07:44Z" name="T1_Launch" finished-at="2023-09-16T14:07:53Z" duration-ms="8839" status="PASS">
          <reporter-output>
          </reporter-output>
        </test-method> <!-- T1_Launch -->
        <test-method signature="T2_Login()[pri:0, instance:Selenium.TestNG@76b1e9b8]" started-at="2023-09-16T14:07:53Z" name="T2_Login" finished-at="2023-09-16T14:07:56Z" duration-ms="3028" status="PASS">
          <reporter-output>
          </reporter-output>
        </test-method> <!-- T2_Login -->
        <test-method signature="T3_LandingPage()[pri:0, instance:Selenium.TestNG@76b1e9b8]" started-at="2023-09-16T14:07:56Z" name="T3_LandingPage" finished-at="2023-09-16T14:07:59Z" duration-ms="3006" status="PASS">
          <reporter-output>
          </reporter-output>
        </test-method> <!-- T3_LandingPage -->
        <test-method signature="T4_MainTransaction()[pri:0, instance:Selenium.TestNG@76b1e9b8]" started-at="2023-09-16T14:07:59Z" name="T4_MainTransaction" finished-at="2023-09-16T14:08:02Z" duration-ms="3019" status="PASS">
          <reporter-output>
          </reporter-output>
        </test-method> <!-- T4_MainTransaction -->
        <test-method signature="T5_Logout()[pri:0, instance:Selenium.TestNG@76b1e9b8]" started-at="2023-09-16T14:08:02Z" name="T5_Logout" finished-at="2023-09-16T14:08:05Z" duration-ms="3025" status="PASS">
          <reporter-output>
          </reporter-output>
        </test-method> <!-- T5_Logout -->
        <test-method is-config="true" signature="tearDown()[pri:0, instance:Selenium.TestNG@76b1e9b8]" started-at="2023-09-16T14:08:05Z" name="tearDown" finished-at="2023-09-16T14:08:05Z" duration-ms="121" status="PASS">
          <reporter-output>
          </reporter-output>
        </test-method> <!-- tearDown -->
      </class> <!-- Selenium.TestNG -->
    </test> <!-- Default test -->
  </suite> <!-- Default suite -->
</testng-results>
